<?xml version="1.0" encoding="UTF-8"?>
<testsuite name="com.kodilla.spring.basic.spring_scopes.TaskTestSuite" tests="1" skipped="0" failures="0" errors="0" timestamp="2022-05-29T09:56:39" hostname="LAPTOP-DRES84GL" time="0.564">
  <properties/>
  <testcase name="shouldCreateDifferentTasks()" classname="com.kodilla.spring.basic.spring_scopes.TaskTestSuite" time="0.564"/>
  <system-out><![CDATA[11:56:38.065 [Test worker] DEBUG org.springframework.test.context.BootstrapUtils - Instantiating CacheAwareContextLoaderDelegate from class [org.springframework.test.context.cache.DefaultCacheAwareContextLoaderDelegate]
11:56:38.065 [Test worker] DEBUG org.springframework.test.context.BootstrapUtils - Instantiating BootstrapContext using constructor [public org.springframework.test.context.support.DefaultBootstrapContext(java.lang.Class,org.springframework.test.context.CacheAwareContextLoaderDelegate)]
11:56:38.096 [Test worker] DEBUG org.springframework.test.context.BootstrapUtils - Instantiating TestContextBootstrapper for test class [com.kodilla.spring.basic.spring_scopes.TaskTestSuite] from class [org.springframework.boot.test.context.SpringBootTestContextBootstrapper]
11:56:38.112 [Test worker] INFO org.springframework.boot.test.context.SpringBootTestContextBootstrapper - Neither @ContextConfiguration nor @ContextHierarchy found for test class [com.kodilla.spring.basic.spring_scopes.TaskTestSuite], using SpringBootContextLoader
11:56:38.112 [Test worker] DEBUG org.springframework.test.context.support.AbstractContextLoader - Did not detect default resource location for test class [com.kodilla.spring.basic.spring_scopes.TaskTestSuite]: class path resource [com/kodilla/spring/basic/spring_scopes/TaskTestSuite-context.xml] does not exist
11:56:38.112 [Test worker] DEBUG org.springframework.test.context.support.AbstractContextLoader - Did not detect default resource location for test class [com.kodilla.spring.basic.spring_scopes.TaskTestSuite]: class path resource [com/kodilla/spring/basic/spring_scopes/TaskTestSuiteContext.groovy] does not exist
11:56:38.112 [Test worker] INFO org.springframework.test.context.support.AbstractContextLoader - Could not detect default resource locations for test class [com.kodilla.spring.basic.spring_scopes.TaskTestSuite]: no resource found for suffixes {-context.xml, Context.groovy}.
11:56:38.112 [Test worker] INFO org.springframework.test.context.support.AnnotationConfigContextLoaderUtils - Could not detect default configuration classes for test class [com.kodilla.spring.basic.spring_scopes.TaskTestSuite]: TaskTestSuite does not declare any static, non-private, non-final, nested classes annotated with @Configuration.
11:56:38.159 [Test worker] DEBUG org.springframework.test.context.support.ActiveProfilesUtils - Could not find an 'annotation declaring class' for annotation type [org.springframework.test.context.ActiveProfiles] and class [com.kodilla.spring.basic.spring_scopes.TaskTestSuite]
11:56:38.221 [Test worker] DEBUG org.springframework.context.annotation.ClassPathScanningCandidateComponentProvider - Identified candidate component class: file [C:\Users\stars\IdeaProjects\nowa kodilla\kodilla-spring-basic\build\classes\java\main\com\kodilla\spring\basic\SpringBasicRunner.class]
11:56:38.221 [Test worker] INFO org.springframework.boot.test.context.SpringBootTestContextBootstrapper - Found @SpringBootConfiguration com.kodilla.spring.basic.SpringBasicRunner for test class com.kodilla.spring.basic.spring_scopes.TaskTestSuite
11:56:38.315 [Test worker] DEBUG org.springframework.boot.test.context.SpringBootTestContextBootstrapper - @TestExecutionListeners is not present for class [com.kodilla.spring.basic.spring_scopes.TaskTestSuite]: using defaults.
11:56:38.315 [Test worker] INFO org.springframework.boot.test.context.SpringBootTestContextBootstrapper - Loaded default TestExecutionListener class names from location [META-INF/spring.factories]: [org.springframework.boot.test.autoconfigure.restdocs.RestDocsTestExecutionListener, org.springframework.boot.test.autoconfigure.web.client.MockRestServiceServerResetTestExecutionListener, org.springframework.boot.test.autoconfigure.web.servlet.MockMvcPrintOnlyOnFailureTestExecutionListener, org.springframework.boot.test.autoconfigure.web.servlet.WebDriverTestExecutionListener, org.springframework.boot.test.autoconfigure.webservices.client.MockWebServiceServerTestExecutionListener, org.springframework.boot.test.mock.mockito.MockitoTestExecutionListener, org.springframework.boot.test.mock.mockito.ResetMocksTestExecutionListener, org.springframework.test.context.web.ServletTestExecutionListener, org.springframework.test.context.support.DirtiesContextBeforeModesTestExecutionListener, org.springframework.test.context.event.ApplicationEventsTestExecutionListener, org.springframework.test.context.support.DependencyInjectionTestExecutionListener, org.springframework.test.context.support.DirtiesContextTestExecutionListener, org.springframework.test.context.transaction.TransactionalTestExecutionListener, org.springframework.test.context.jdbc.SqlScriptsTestExecutionListener, org.springframework.test.context.event.EventPublishingTestExecutionListener]
11:56:38.331 [Test worker] DEBUG org.springframework.boot.test.context.SpringBootTestContextBootstrapper - Skipping candidate TestExecutionListener [org.springframework.test.context.web.ServletTestExecutionListener] due to a missing dependency. Specify custom listener classes or make the default listener classes and their required dependencies available. Offending class: [javax/servlet/ServletContext]
11:56:38.331 [Test worker] DEBUG org.springframework.boot.test.context.SpringBootTestContextBootstrapper - Skipping candidate TestExecutionListener [org.springframework.test.context.transaction.TransactionalTestExecutionListener] due to a missing dependency. Specify custom listener classes or make the default listener classes and their required dependencies available. Offending class: [org/springframework/transaction/interceptor/TransactionAttributeSource]
11:56:38.331 [Test worker] DEBUG org.springframework.boot.test.context.SpringBootTestContextBootstrapper - Skipping candidate TestExecutionListener [org.springframework.test.context.jdbc.SqlScriptsTestExecutionListener] due to a missing dependency. Specify custom listener classes or make the default listener classes and their required dependencies available. Offending class: [org/springframework/transaction/interceptor/TransactionAttribute]
11:56:38.331 [Test worker] INFO org.springframework.boot.test.context.SpringBootTestContextBootstrapper - Using TestExecutionListeners: [org.springframework.test.context.support.DirtiesContextBeforeModesTestExecutionListener@70a51816, org.springframework.test.context.event.ApplicationEventsTestExecutionListener@6e3823ad, org.springframework.boot.test.mock.mockito.MockitoTestExecutionListener@4557bc42, org.springframework.boot.test.autoconfigure.SpringBootDependencyInjectionTestExecutionListener@50ab569a, org.springframework.test.context.support.DirtiesContextTestExecutionListener@8968131, org.springframework.test.context.event.EventPublishingTestExecutionListener@279cfec5, org.springframework.boot.test.autoconfigure.restdocs.RestDocsTestExecutionListener@5f51f3d8, org.springframework.boot.test.autoconfigure.web.client.MockRestServiceServerResetTestExecutionListener@55c4712e, org.springframework.boot.test.autoconfigure.web.servlet.MockMvcPrintOnlyOnFailureTestExecutionListener@6967edae, org.springframework.boot.test.autoconfigure.web.servlet.WebDriverTestExecutionListener@294d5c91, org.springframework.boot.test.autoconfigure.webservices.client.MockWebServiceServerTestExecutionListener@79d2a553, org.springframework.boot.test.mock.mockito.ResetMocksTestExecutionListener@fe9e646]
11:56:38.331 [Test worker] DEBUG org.springframework.test.context.support.AbstractDirtiesContextTestExecutionListener - Before test class: context [DefaultTestContext@6a954b2a testClass = TaskTestSuite, testInstance = [null], testMethod = [null], testException = [null], mergedContextConfiguration = [MergedContextConfiguration@533a590a testClass = TaskTestSuite, locations = '{}', classes = '{class com.kodilla.spring.basic.SpringBasicRunner}', contextInitializerClasses = '[]', activeProfiles = '{}', propertySourceLocations = '{}', propertySourceProperties = '{org.springframework.boot.test.context.SpringBootTestContextBootstrapper=true}', contextCustomizers = set[org.springframework.boot.test.autoconfigure.actuate.metrics.MetricsExportContextCustomizerFactory$DisableMetricExportContextCustomizer@260243c6, org.springframework.boot.test.autoconfigure.properties.PropertyMappingContextCustomizer@0, org.springframework.boot.test.autoconfigure.web.servlet.WebDriverContextCustomizerFactory$Customizer@273203e0, org.springframework.boot.test.context.filter.ExcludeFilterContextCustomizer@2b5b7de, org.springframework.boot.test.json.DuplicateJsonObjectContextCustomizerFactory$DuplicateJsonObjectContextCustomizer@1901f69d, org.springframework.boot.test.mock.mockito.MockitoContextCustomizer@0, org.springframework.boot.test.web.client.TestRestTemplateContextCustomizer@212e2628, org.springframework.boot.test.context.SpringBootTestArgs@1, org.springframework.boot.test.context.SpringBootTestWebEnvironment@4e5a67ae], contextLoader = 'org.springframework.boot.test.context.SpringBootContextLoader', parent = [null]], attributes = map[[empty]]], class annotated with @DirtiesContext [false] with mode [null].
11:56:38.331 [Test worker] DEBUG org.springframework.test.context.support.DependencyInjectionTestExecutionListener - Performing dependency injection for test context [[DefaultTestContext@6a954b2a testClass = TaskTestSuite, testInstance = com.kodilla.spring.basic.spring_scopes.TaskTestSuite@59c7bb3b, testMethod = [null], testException = [null], mergedContextConfiguration = [MergedContextConfiguration@533a590a testClass = TaskTestSuite, locations = '{}', classes = '{class com.kodilla.spring.basic.SpringBasicRunner}', contextInitializerClasses = '[]', activeProfiles = '{}', propertySourceLocations = '{}', propertySourceProperties = '{org.springframework.boot.test.context.SpringBootTestContextBootstrapper=true}', contextCustomizers = set[org.springframework.boot.test.autoconfigure.actuate.metrics.MetricsExportContextCustomizerFactory$DisableMetricExportContextCustomizer@260243c6, org.springframework.boot.test.autoconfigure.properties.PropertyMappingContextCustomizer@0, org.springframework.boot.test.autoconfigure.web.servlet.WebDriverContextCustomizerFactory$Customizer@273203e0, org.springframework.boot.test.context.filter.ExcludeFilterContextCustomizer@2b5b7de, org.springframework.boot.test.json.DuplicateJsonObjectContextCustomizerFactory$DuplicateJsonObjectContextCustomizer@1901f69d, org.springframework.boot.test.mock.mockito.MockitoContextCustomizer@0, org.springframework.boot.test.web.client.TestRestTemplateContextCustomizer@212e2628, org.springframework.boot.test.context.SpringBootTestArgs@1, org.springframework.boot.test.context.SpringBootTestWebEnvironment@4e5a67ae], contextLoader = 'org.springframework.boot.test.context.SpringBootContextLoader', parent = [null]], attributes = map['org.springframework.test.context.event.ApplicationEventsTestExecutionListener.recordApplicationEvents' -> false]]].

  .   ____          _            __ _ _
 /\\ / ___'_ __ _ _(_)_ __  __ _ \ \ \ \
( ( )\___ | '_ | '_| | '_ \/ _` | \ \ \ \
 \\/  ___)| |_)| | | | | || (_| |  ) ) ) )
  '  |____| .__|_| |_|_| |_\__, | / / / /
 =========|_|==============|___/=/_/_/_/
 :: Spring Boot ::                (v2.7.0)

2022-05-29 11:56:38.628  INFO 22476 --- [    Test worker] c.k.s.basic.spring_scopes.TaskTestSuite  : Starting TaskTestSuite using Java 11.0.13 on LAPTOP-DRES84GL with PID 22476 (started by stars in C:\Users\stars\IdeaProjects\nowa kodilla\kodilla-spring-basic)
2022-05-29 11:56:38.628  INFO 22476 --- [    Test worker] c.k.s.basic.spring_scopes.TaskTestSuite  : No active profile set, falling back to 1 default profile: "default"
It's SUMMER get Cabrio
Hour: 14
Headlights depending on hour: false
2022-05-29 11:56:39.302  INFO 22476 --- [    Test worker] c.k.s.basic.spring_scopes.TaskTestSuite  : Started TaskTestSuite in 0.942 seconds (JVM running for 2.402)
It's WINTER get SUV
Headlights all day long: true
Creating new task bean...
Creating new task bean...
Creating new task bean...
]]></system-out>
  <system-err><![CDATA[]]></system-err>
</testsuite>
