<?xml version="1.0" encoding="UTF-8"?>
<testsuite name="com.kodilla.parametrized_tests.homework.PersonTestSuite" tests="28" skipped="0" failures="0" errors="0" timestamp="2022-05-29T16:30:08" hostname="LAPTOP-DRES84GL" time="0.04">
  <properties/>
  <testcase name="[1] 1.7, 50.0" classname="com.kodilla.parametrized_tests.homework.PersonTestSuite" time="0.005"/>
  <testcase name="[2] 1.6, 45.0" classname="com.kodilla.parametrized_tests.homework.PersonTestSuite" time="0.0"/>
  <testcase name="[1] 1.7, 45.0" classname="com.kodilla.parametrized_tests.homework.PersonTestSuite" time="0.0"/>
  <testcase name="[2] 1.6, 40.0" classname="com.kodilla.parametrized_tests.homework.PersonTestSuite" time="0.0"/>
  <testcase name="[1] 1.7, 80.0" classname="com.kodilla.parametrized_tests.homework.PersonTestSuite" time="0.001"/>
  <testcase name="[2] 1.6, 70.0" classname="com.kodilla.parametrized_tests.homework.PersonTestSuite" time="0.001"/>
  <testcase name="[1] -1.7, -40.0" classname="com.kodilla.parametrized_tests.homework.PersonTestSuite" time="0.0"/>
  <testcase name="[2] 0.0, -30.0" classname="com.kodilla.parametrized_tests.homework.PersonTestSuite" time="0.0"/>
  <testcase name="[3] -1.0, 4565445.0" classname="com.kodilla.parametrized_tests.homework.PersonTestSuite" time="0.0"/>
  <testcase name="[4] 5, 0.0" classname="com.kodilla.parametrized_tests.homework.PersonTestSuite" time="0.001"/>
  <testcase name="[1] 1.7, 90.0" classname="com.kodilla.parametrized_tests.homework.PersonTestSuite" time="0.0"/>
  <testcase name="[2] 1.6, 80.0" classname="com.kodilla.parametrized_tests.homework.PersonTestSuite" time="0.0"/>
  <testcase name="[1] 1.7, 105.0" classname="com.kodilla.parametrized_tests.homework.PersonTestSuite" time="0.0"/>
  <testcase name="[2] 1.6, 100.0" classname="com.kodilla.parametrized_tests.homework.PersonTestSuite" time="0.0"/>
  <testcase name="[1] 1.7, 180.0" classname="com.kodilla.parametrized_tests.homework.PersonTestSuite" time="0.001"/>
  <testcase name="[2] 1.7, 333.0" classname="com.kodilla.parametrized_tests.homework.PersonTestSuite" time="0.001"/>
  <testcase name="[3] 1.6, 160.0" classname="com.kodilla.parametrized_tests.homework.PersonTestSuite" time="0.0"/>
  <testcase name="[1] 1.7, 40.0" classname="com.kodilla.parametrized_tests.homework.PersonTestSuite" time="0.0"/>
  <testcase name="[2] 1.8, 30.0" classname="com.kodilla.parametrized_tests.homework.PersonTestSuite" time="0.0"/>
  <testcase name="[1] 1.7, 120.0" classname="com.kodilla.parametrized_tests.homework.PersonTestSuite" time="0.0"/>
  <testcase name="[2] 1.6, 115.0" classname="com.kodilla.parametrized_tests.homework.PersonTestSuite" time="0.0"/>
  <testcase name="[1] 1.7, 60.0" classname="com.kodilla.parametrized_tests.homework.PersonTestSuite" time="0.0"/>
  <testcase name="[2] 1.8, 80.9" classname="com.kodilla.parametrized_tests.homework.PersonTestSuite" time="0.0"/>
  <testcase name="[3] 1.6, 50.0" classname="com.kodilla.parametrized_tests.homework.PersonTestSuite" time="0.0"/>
  <testcase name="[1] 1.7, 135.0" classname="com.kodilla.parametrized_tests.homework.PersonTestSuite" time="0.001"/>
  <testcase name="[2] 1.6, 125.0" classname="com.kodilla.parametrized_tests.homework.PersonTestSuite" time="0.0"/>
  <testcase name="[1] 1.7, 150.0" classname="com.kodilla.parametrized_tests.homework.PersonTestSuite" time="0.0"/>
  <testcase name="[2] 1.6, 140.0" classname="com.kodilla.parametrized_tests.homework.PersonTestSuite" time="0.0"/>
  <system-out><![CDATA[]]></system-out>
  <system-err><![CDATA[]]></system-err>
</testsuite>
